<?xml version="1.0" encoding="UTF-8"?>
<testng-results ignored="0" total="3" passed="3" failed="0" skipped="0">
  <reporter-output>
  </reporter-output>
  <suite started-at="2022-01-05T16:37:45 IST" name="Suite" finished-at="2022-01-05T16:41:56 IST" duration-ms="251009">
    <groups>
    </groups>
    <test started-at="2022-01-05T16:37:45 IST" name="Test" finished-at="2022-01-05T16:41:56 IST" duration-ms="251009">
      <class name="scripts.Testacse1">
        <test-method is-config="true" signature="openApp()[pri:0, instance:scripts.Testacse1@776b83cc]" started-at="2022-01-05T16:40:30 IST" name="openApp" finished-at="2022-01-05T16:40:43 IST" duration-ms="12237" status="PASS">
          <reporter-output>
          </reporter-output>
        </test-method> <!-- openApp -->
        <test-method signature="tc1()[pri:0, instance:scripts.Testacse1@776b83cc]" started-at="2022-01-05T16:40:43 IST" name="tc1" finished-at="2022-01-05T16:41:55 IST" duration-ms="72772" status="PASS">
          <reporter-output>
          </reporter-output>
        </test-method> <!-- tc1 -->
        <test-method is-config="true" signature="closeApp(org.testng.ITestResult)[pri:0, instance:scripts.Testacse1@776b83cc]" started-at="2022-01-05T16:41:55 IST" name="closeApp" finished-at="2022-01-05T16:41:56 IST" duration-ms="978" status="PASS">
          <params>
            <param index="0">
              <value>
                <![CDATA[[TestResult name=tc1 status=SUCCESS method=Testacse1.tc1()[pri:0, instance:scripts.Testacse1@776b83cc] output={null}]]]>
              </value>
            </param>
          </params>
          <reporter-output>
          </reporter-output>
        </test-method> <!-- closeApp -->
      </class> <!-- scripts.Testacse1 -->
      <class name="scripts.Testcase3">
        <test-method is-config="true" signature="openApp()[pri:0, instance:scripts.Testcase3@44a7bfbc]" started-at="2022-01-05T16:37:45 IST" name="openApp" finished-at="2022-01-05T16:37:59 IST" duration-ms="13122" status="PASS">
          <reporter-output>
          </reporter-output>
        </test-method> <!-- openApp -->
        <test-method signature="tc3()[pri:0, instance:scripts.Testcase3@44a7bfbc]" started-at="2022-01-05T16:37:59 IST" name="tc3" finished-at="2022-01-05T16:38:32 IST" duration-ms="33362" status="PASS">
          <reporter-output>
          </reporter-output>
        </test-method> <!-- tc3 -->
        <test-method is-config="true" signature="closeApp(org.testng.ITestResult)[pri:0, instance:scripts.Testcase3@44a7bfbc]" started-at="2022-01-05T16:38:32 IST" name="closeApp" finished-at="2022-01-05T16:38:34 IST" duration-ms="1598" status="PASS">
          <params>
            <param index="0">
              <value>
                <![CDATA[[TestResult name=tc3 status=SUCCESS method=Testcase3.tc3()[pri:0, instance:scripts.Testcase3@44a7bfbc] output={null}]]]>
              </value>
            </param>
          </params>
          <reporter-output>
          </reporter-output>
        </test-method> <!-- closeApp -->
      </class> <!-- scripts.Testcase3 -->
      <class name="scripts.Testcase2">
        <test-method is-config="true" signature="openApp()[pri:0, instance:scripts.Testcase2@4ef37659]" started-at="2022-01-05T16:38:34 IST" name="openApp" finished-at="2022-01-05T16:38:46 IST" duration-ms="12041" status="PASS">
          <reporter-output>
          </reporter-output>
        </test-method> <!-- openApp -->
        <test-method signature="tc2()[pri:0, instance:scripts.Testcase2@4ef37659]" started-at="2022-01-05T16:38:46 IST" name="tc2" finished-at="2022-01-05T16:40:26 IST" duration-ms="100355" status="PASS">
          <reporter-output>
          </reporter-output>
        </test-method> <!-- tc2 -->
        <test-method is-config="true" signature="closeApp(org.testng.ITestResult)[pri:0, instance:scripts.Testcase2@4ef37659]" started-at="2022-01-05T16:40:26 IST" name="closeApp" finished-at="2022-01-05T16:40:30 IST" duration-ms="4463" status="PASS">
          <params>
            <param index="0">
              <value>
                <![CDATA[[TestResult name=tc2 status=SUCCESS method=Testcase2.tc2()[pri:0, instance:scripts.Testcase2@4ef37659] output={null}]]]>
              </value>
            </param>
          </params>
          <reporter-output>
          </reporter-output>
        </test-method> <!-- closeApp -->
      </class> <!-- scripts.Testcase2 -->
    </test> <!-- Test -->
  </suite> <!-- Suite -->
</testng-results>
