<?xml version="1.0" encoding="UTF-8"?>
<testng-results ignored="0" total="1" passed="1" failed="0" skipped="0">
  <reporter-output>
  </reporter-output>
  <suite started-at="2021-12-30T12:48:04 IST" name="Default suite" finished-at="2021-12-30T12:48:59 IST" duration-ms="55214">
    <groups>
    </groups>
    <test started-at="2021-12-30T12:48:04 IST" name="Default test" finished-at="2021-12-30T12:48:59 IST" duration-ms="55214">
      <class name="scripts.Testcase2">
        <test-method is-config="true" signature="openApp()[pri:0, instance:scripts.Testcase2@61d6015a]" started-at="2021-12-30T12:48:04 IST" name="openApp" finished-at="2021-12-30T12:48:19 IST" duration-ms="14548" status="PASS">
          <reporter-output>
          </reporter-output>
        </test-method> <!-- openApp -->
        <test-method signature="tc2()[pri:0, instance:scripts.Testcase2@61d6015a]" started-at="2021-12-30T12:48:19 IST" name="tc2" finished-at="2021-12-30T12:48:58 IST" duration-ms="39369" status="PASS">
          <reporter-output>
          </reporter-output>
        </test-method> <!-- tc2 -->
        <test-method is-config="true" signature="closeApp(org.testng.ITestResult)[pri:0, instance:scripts.Testcase2@61d6015a]" started-at="2021-12-30T12:48:58 IST" name="closeApp" finished-at="2021-12-30T12:48:59 IST" duration-ms="1210" status="PASS">
          <params>
            <param index="0">
              <value>
                <![CDATA[[TestResult name=tc2 status=SUCCESS method=Testcase2.tc2()[pri:0, instance:scripts.Testcase2@61d6015a] output={null}]]]>
              </value>
            </param>
          </params>
          <reporter-output>
          </reporter-output>
        </test-method> <!-- closeApp -->
      </class> <!-- scripts.Testcase2 -->
    </test> <!-- Default test -->
  </suite> <!-- Default suite -->
</testng-results>
